copyritersShop/сopyritersShop/app/build/intermediates/manifest_merge_blame_file/debug/manifest-merger-blame-debug-report.txt
1<?xml version="1.0" encoding="utf-8"?>
2<manifest xmlns:android="http://schemas.android.com/apk/res/android"
3    package="com.example.copyritersShop"
4    android:versionCode="1"
5    android:versionName="1.0" >
6
7    <uses-sdk
8        android:minSdkVersion="23"
8-->src\main\AndroidManifest.xml
9        android:targetSdkVersion="28" />
9-->src\main\AndroidManifest.xml
10
11    <uses-permission android:name="android.permission.INTERNET" />
11-->src\main\AndroidManifest.xml:7:5-67
11-->src\main\AndroidManifest.xml:7:22-64
12
13    <application
13-->src\main\AndroidManifest.xml:8:5-48:19
14        android:name="com.example.copyritersShop.App"
14-->src\main\AndroidManifest.xml:9:9-54
15        android:allowBackup="true"
15-->src\main\AndroidManifest.xml:10:9-35
16        android:appComponentFactory="androidx.core.app.CoreComponentFactory"
16-->[androidx.core:core:1.1.0-alpha01] AndroidManifest.xml:22:18-86
17        android:debuggable="true"
18        android:icon="@mipmap/ic_launcher"
18-->src\main\AndroidManifest.xml:11:9-43
19        android:label="@string/app_name"
19-->src\main\AndroidManifest.xml:12:9-41
20        android:roundIcon="@mipmap/ic_launcher_round"
20-->src\main\AndroidManifest.xml:13:9-54
21        android:supportsRtl="true"
21-->src\main\AndroidManifest.xml:14:9-35
22        android:theme="@style/AppTheme"
22-->src\main\AndroidManifest.xml:15:9-40
23        android:usesCleartextTraffic="true" >
23-->src\main\AndroidManifest.xml:16:9-44
24        <activity
24-->src\main\AndroidManifest.xml:18:9-26:20
25            android:name="com.example.copyritersShop.ui.activity.HostActivity"
25-->src\main\AndroidManifest.xml:19:13-79
26            android:screenOrientation="portrait" >
26-->src\main\AndroidManifest.xml:20:13-49
27            <intent-filter>
27-->src\main\AndroidManifest.xml:21:13-25:29
28                <action android:name="android.intent.action.MAIN" />
28-->src\main\AndroidManifest.xml:22:17-69
28-->src\main\AndroidManifest.xml:22:25-66
29
30                <category android:name="android.intent.category.LAUNCHER" />
30-->src\main\AndroidManifest.xml:24:17-77
30-->src\main\AndroidManifest.xml:24:27-74
31            </intent-filter>
32        </activity>
33        <activity
33-->src\main\AndroidManifest.xml:27:9-29:52
34            android:name="com.example.copyritersShop.ui.activity.StartActivity"
34-->src\main\AndroidManifest.xml:28:13-80
35            android:screenOrientation="portrait" />
35-->src\main\AndroidManifest.xml:29:13-49
36        <activity
36-->src\main\AndroidManifest.xml:30:9-32:52
37            android:name="com.example.copyritersShop.ui.activity.RegistrationActivity"
37-->src\main\AndroidManifest.xml:31:13-87
38            android:screenOrientation="portrait" />
38-->src\main\AndroidManifest.xml:32:13-49
39        <activity
39-->src\main\AndroidManifest.xml:33:9-35:52
40            android:name="com.example.copyritersShop.ui.activity.LoginActivity"
40-->src\main\AndroidManifest.xml:34:13-80
41            android:screenOrientation="portrait" />
41-->src\main\AndroidManifest.xml:35:13-49
42        <activity
42-->src\main\AndroidManifest.xml:36:9-38:52
43            android:name="com.example.copyritersShop.ui.activity.ClientMainActivity"
43-->src\main\AndroidManifest.xml:37:13-85
44            android:screenOrientation="portrait" />
44-->src\main\AndroidManifest.xml:38:13-49
45        <activity
45-->src\main\AndroidManifest.xml:39:9-41:52
46            android:name="com.example.copyritersShop.ui.activity.ClientOrdersActivity"
46-->src\main\AndroidManifest.xml:40:13-87
47            android:screenOrientation="portrait" />
47-->src\main\AndroidManifest.xml:41:13-49
48        <activity
48-->src\main\AndroidManifest.xml:42:9-44:52
49            android:name="com.example.copyritersShop.ui.activity.OperatorMainActivity"
49-->src\main\AndroidManifest.xml:43:13-87
50            android:screenOrientation="portrait" />
50-->src\main\AndroidManifest.xml:44:13-49
51        <activity
51-->src\main\AndroidManifest.xml:45:9-47:52
52            android:name="com.example.copyritersShop.ui.activity.CopyriterMainActivity"
52-->src\main\AndroidManifest.xml:46:13-88
53            android:screenOrientation="portrait" />
53-->src\main\AndroidManifest.xml:47:13-49
54
55        <provider
55-->[androidx.lifecycle:lifecycle-process:2.1.0-alpha01] AndroidManifest.xml:23:9-27:43
56            android:name="androidx.lifecycle.ProcessLifecycleOwnerInitializer"
56-->[androidx.lifecycle:lifecycle-process:2.1.0-alpha01] AndroidManifest.xml:24:13-79
57            android:authorities="com.example.copyritersShop.lifecycle-process"
57-->[androidx.lifecycle:lifecycle-process:2.1.0-alpha01] AndroidManifest.xml:25:13-69
58            android:exported="false"
58-->[androidx.lifecycle:lifecycle-process:2.1.0-alpha01] AndroidManifest.xml:26:13-37
59            android:multiprocess="true" />
59-->[androidx.lifecycle:lifecycle-process:2.1.0-alpha01] AndroidManifest.xml:27:13-40
60    </application>
61
62</manifest>